
[30/09/2023 18:48:52] $ 1 $ tung $ -ERROR
[30/09/2023 18:48:57] $ 1 $ levn $ -ERROR
[30/09/2023 18:49:09] $ 2 $ How are you? $ -ERROR
[30/09/2023 18:49:14] $ 3 $  $ -ERROR
[30/09/2023 18:49:23] $ 1 $ tungbt $ +OK
[30/09/2023 18:49:53] $ 1 $ hungbt $ -ERROR
[30/09/2023 18:50:31] $ 2 $ How are you $ +OK
[30/09/2023 18:50:35] $ 3 $  $ +OK
[30/09/2023 18:51:43] $ 4 $  $ +OK
[30/09/2023 19:10:28] $ 1 $ batrong123 $ -ERROR
[30/09/2023 19:12:34] $ 1 $ batrong $ -ERROR
[30/09/2023 19:12:55] $ 1 $ exit; $ -ERROR
[30/09/2023 19:12:57] $ 4 $  $ +OK
[30/09/2023 19:34:37] $ 1 $ hungbt $ +OK
[30/09/2023 19:34:43] $ 2 $ HOW are you $ +OK
[30/09/2023 19:34:47] $ 1 $ tungbt $ -ERROR
[30/09/2023 19:34:52] $ 1 $ fjsdlkfjdsd $ -ERROR
[30/09/2023 19:34:57] $ 3 $  $ +OK
[30/09/2023 19:35:01] $ 2 $ jflsdkjflsf $ -ERROR
[30/09/2023 19:35:04] $ 3 $  $ -ERROR
[30/09/2023 19:35:09] $ 1 $ jfldsaf $ -ERROR
[30/09/2023 19:35:15] $ 1 $ levn $ -ERROR
[30/09/2023 19:50:00] $ 1 $ tung1 $ -ERROR
[30/09/2023 19:53:12] $ 1 $ batrong $ -ERROR
[30/09/2023 19:53:20] $ 1 $ tungbt $ +OK
[30/09/2023 19:53:25] $ 2 $ hehehe hfjsljfds $ +OK
[30/09/2023 19:53:32] $ 1 $ hungbt $ -ERROR
[30/09/2023 19:53:38] $ 3 $  $ +OK
[30/09/2023 19:53:39] $ 3 $  $ -ERROR
[30/09/2023 19:53:40] $ 3 $  $ -ERROR
[30/09/2023 19:53:41] $ 4 $  $ +OK
